<?xml version="1.0" encoding="UTF-8"?>
<testng-results ignored="1" total="31" passed="30" failed="0" skipped="0">
  <reporter-output>
  </reporter-output>
  <suite started-at="2021-08-07T12:19:26 PDT" name="Suite" finished-at="2021-08-07T12:20:59 PDT" duration-ms="93671">
    <groups>
    </groups>
    <test started-at="2021-08-07T12:19:26 PDT" name="Test" finished-at="2021-08-07T12:20:59 PDT" duration-ms="93671">
      <class name="buffalocart.TaskVerify">
        <test-method is-config="true" signature="beforeClass()[pri:0, instance:buffalocart.TaskVerify@1fb700ee]" started-at="2021-08-07T12:20:35 PDT" name="beforeClass" finished-at="2021-08-07T12:20:35 PDT" duration-ms="1" status="PASS">
          <reporter-output>
          </reporter-output>
        </test-method> <!-- beforeClass -->
        <test-method signature="clickTaskPage()[pri:23, instance:buffalocart.TaskVerify@1fb700ee]" started-at="2021-08-07T12:20:35 PDT" name="clickTaskPage" finished-at="2021-08-07T12:20:38 PDT" duration-ms="2286" status="PASS">
          <reporter-output>
          </reporter-output>
        </test-method> <!-- clickTaskPage -->
        <test-method signature="clicknewTask()[pri:24, instance:buffalocart.TaskVerify@1fb700ee]" started-at="2021-08-07T12:20:38 PDT" name="clicknewTask" finished-at="2021-08-07T12:20:38 PDT" duration-ms="728" status="PASS">
          <reporter-output>
          </reporter-output>
        </test-method> <!-- clicknewTask -->
        <test-method signature="enterTaskName()[pri:25, instance:buffalocart.TaskVerify@1fb700ee]" started-at="2021-08-07T12:20:38 PDT" name="enterTaskName" finished-at="2021-08-07T12:20:38 PDT" duration-ms="74" status="PASS">
          <reporter-output>
          </reporter-output>
        </test-method> <!-- enterTaskName -->
        <test-method signature="enterRelatedto()[pri:26, instance:buffalocart.TaskVerify@1fb700ee]" started-at="2021-08-07T12:20:38 PDT" name="enterRelatedto" finished-at="2021-08-07T12:20:38 PDT" duration-ms="68" status="PASS">
          <reporter-output>
          </reporter-output>
        </test-method> <!-- enterRelatedto -->
        <test-method signature="entertaskDate()[pri:27, instance:buffalocart.TaskVerify@1fb700ee]" started-at="2021-08-07T12:20:38 PDT" name="entertaskDate" finished-at="2021-08-07T12:20:39 PDT" duration-ms="101" status="PASS">
          <reporter-output>
          </reporter-output>
        </test-method> <!-- entertaskDate -->
        <test-method signature="enterTaskDueDate()[pri:28, instance:buffalocart.TaskVerify@1fb700ee]" started-at="2021-08-07T12:20:39 PDT" name="enterTaskDueDate" finished-at="2021-08-07T12:20:39 PDT" duration-ms="104" status="PASS">
          <reporter-output>
          </reporter-output>
        </test-method> <!-- enterTaskDueDate -->
        <test-method signature="enterHrRate()[pri:29, instance:buffalocart.TaskVerify@1fb700ee]" started-at="2021-08-07T12:20:39 PDT" name="enterHrRate" finished-at="2021-08-07T12:20:39 PDT" duration-ms="49" status="PASS">
          <reporter-output>
          </reporter-output>
        </test-method> <!-- enterHrRate -->
        <test-method signature="enterEstimatedHrs()[pri:30, instance:buffalocart.TaskVerify@1fb700ee]" started-at="2021-08-07T12:20:39 PDT" name="enterEstimatedHrs" finished-at="2021-08-07T12:20:39 PDT" duration-ms="51" status="PASS">
          <reporter-output>
          </reporter-output>
        </test-method> <!-- enterEstimatedHrs -->
        <test-method signature="saveTaskDetails()[pri:31, instance:buffalocart.TaskVerify@1fb700ee]" started-at="2021-08-07T12:20:39 PDT" name="saveTaskDetails" finished-at="2021-08-07T12:20:59 PDT" duration-ms="20236" status="PASS">
          <reporter-output>
          </reporter-output>
        </test-method> <!-- saveTaskDetails -->
        <test-method is-config="true" signature="afterTest()[pri:0, instance:buffalocart.TaskVerify@1fb700ee]" started-at="2021-08-07T12:20:59 PDT" name="afterTest" finished-at="2021-08-07T12:20:59 PDT" duration-ms="246" status="PASS">
          <reporter-output>
          </reporter-output>
        </test-method> <!-- afterTest -->
      </class> <!-- buffalocart.TaskVerify -->
      <class name="buffalocart.LoginPageTest">
        <test-method is-config="true" signature="beforeTest()[pri:0, instance:buffalocart.LoginPageTest@41c2284a]" started-at="2021-08-07T12:19:26 PDT" name="beforeTest" finished-at="2021-08-07T12:19:32 PDT" duration-ms="6167" status="PASS">
          <reporter-output>
          </reporter-output>
        </test-method> <!-- beforeTest -->
        <test-method signature="launchLoginPage()[pri:1, instance:buffalocart.LoginPageTest@41c2284a]" started-at="2021-08-07T12:19:32 PDT" name="launchLoginPage" finished-at="2021-08-07T12:19:32 PDT" duration-ms="21" status="PASS">
          <reporter-output>
          </reporter-output>
        </test-method> <!-- launchLoginPage -->
        <test-method is-config="true" signature="afterMethod(org.testng.ITestResult)[pri:0, instance:buffalocart.LoginPageTest@41c2284a]" started-at="2021-08-07T12:19:32 PDT" name="afterMethod" finished-at="2021-08-07T12:19:32 PDT" duration-ms="2" status="PASS">
          <params>
            <param index="0">
              <value>
                <![CDATA[[TestResult name=launchLoginPage status=SUCCESS method=LoginPageTest.launchLoginPage()[pri:1, instance:buffalocart.LoginPageTest@41c2284a] output={null}]]]>
              </value>
            </param>
          </params>
          <reporter-output>
          </reporter-output>
        </test-method> <!-- afterMethod -->
        <test-method signature="verifyloginPageTitle()[pri:2, instance:buffalocart.LoginPageTest@41c2284a]" started-at="2021-08-07T12:19:32 PDT" name="verifyloginPageTitle" finished-at="2021-08-07T12:19:32 PDT" duration-ms="8" status="PASS">
          <reporter-output>
          </reporter-output>
        </test-method> <!-- verifyloginPageTitle -->
        <test-method is-config="true" signature="afterMethod(org.testng.ITestResult)[pri:0, instance:buffalocart.LoginPageTest@41c2284a]" started-at="2021-08-07T12:19:32 PDT" name="afterMethod" finished-at="2021-08-07T12:19:32 PDT" duration-ms="1" status="PASS">
          <params>
            <param index="0">
              <value>
                <![CDATA[[TestResult name=verifyloginPageTitle status=SUCCESS method=LoginPageTest.verifyloginPageTitle()[pri:2, instance:buffalocart.LoginPageTest@41c2284a] output={null}]]]>
              </value>
            </param>
          </params>
          <reporter-output>
          </reporter-output>
        </test-method> <!-- afterMethod -->
        <test-method signature="inputInvalidUserName()[pri:3, instance:buffalocart.LoginPageTest@41c2284a]" started-at="2021-08-07T12:19:32 PDT" name="inputInvalidUserName" finished-at="2021-08-07T12:19:34 PDT" duration-ms="1887" status="PASS">
          <reporter-output>
          </reporter-output>
        </test-method> <!-- inputInvalidUserName -->
        <test-method is-config="true" signature="afterMethod(org.testng.ITestResult)[pri:0, instance:buffalocart.LoginPageTest@41c2284a]" started-at="2021-08-07T12:19:34 PDT" name="afterMethod" finished-at="2021-08-07T12:19:34 PDT" duration-ms="1" status="PASS">
          <params>
            <param index="0">
              <value>
                <![CDATA[[TestResult name=inputInvalidUserName status=SUCCESS method=LoginPageTest.inputInvalidUserName()[pri:3, instance:buffalocart.LoginPageTest@41c2284a] output={null}]]]>
              </value>
            </param>
          </params>
          <reporter-output>
          </reporter-output>
        </test-method> <!-- afterMethod -->
        <test-method signature="inputValidCredentilas()[pri:5, instance:buffalocart.LoginPageTest@41c2284a]" started-at="2021-08-07T12:19:34 PDT" name="inputValidCredentilas" finished-at="2021-08-07T12:19:44 PDT" duration-ms="10442" status="PASS">
          <reporter-output>
          </reporter-output>
        </test-method> <!-- inputValidCredentilas -->
        <test-method is-config="true" signature="afterMethod(org.testng.ITestResult)[pri:0, instance:buffalocart.LoginPageTest@41c2284a]" started-at="2021-08-07T12:19:44 PDT" name="afterMethod" finished-at="2021-08-07T12:19:44 PDT" duration-ms="0" status="PASS">
          <params>
            <param index="0">
              <value>
                <![CDATA[[TestResult name=inputValidCredentilas status=SUCCESS method=LoginPageTest.inputValidCredentilas()[pri:5, instance:buffalocart.LoginPageTest@41c2284a] output={null}]]]>
              </value>
            </param>
          </params>
          <reporter-output>
          </reporter-output>
        </test-method> <!-- afterMethod -->
      </class> <!-- buffalocart.LoginPageTest -->
      <class name="buffalocart.BugsVerify">
        <test-method is-config="true" signature="beforeClass()[pri:0, instance:buffalocart.BugsVerify@46fa7c39]" started-at="2021-08-07T12:20:08 PDT" name="beforeClass" finished-at="2021-08-07T12:20:08 PDT" duration-ms="1" status="PASS">
          <reporter-output>
          </reporter-output>
        </test-method> <!-- beforeClass -->
        <test-method signature="loginPage()[pri:14, instance:buffalocart.BugsVerify@46fa7c39]" started-at="2021-08-07T12:20:08 PDT" name="loginPage" finished-at="2021-08-07T12:20:12 PDT" duration-ms="3654" status="PASS">
          <reporter-output>
          </reporter-output>
        </test-method> <!-- loginPage -->
        <test-method signature="clickbugs()[pri:15, instance:buffalocart.BugsVerify@46fa7c39]" started-at="2021-08-07T12:20:12 PDT" name="clickbugs" finished-at="2021-08-07T12:20:13 PDT" duration-ms="729" status="PASS">
          <reporter-output>
          </reporter-output>
        </test-method> <!-- clickbugs -->
        <test-method signature="enterIssue()[pri:16, instance:buffalocart.BugsVerify@46fa7c39]" started-at="2021-08-07T12:20:13 PDT" name="enterIssue" finished-at="2021-08-07T12:20:13 PDT" duration-ms="113" status="PASS">
          <reporter-output>
          </reporter-output>
        </test-method> <!-- enterIssue -->
        <test-method signature="enterRelatedDropdown()[pri:17, instance:buffalocart.BugsVerify@46fa7c39]" started-at="2021-08-07T12:20:13 PDT" name="enterRelatedDropdown" finished-at="2021-08-07T12:20:13 PDT" duration-ms="86" status="PASS">
          <reporter-output>
          </reporter-output>
        </test-method> <!-- enterRelatedDropdown -->
        <test-method signature="enterDataComboBox()[pri:18, instance:buffalocart.BugsVerify@46fa7c39]" started-at="2021-08-07T12:20:13 PDT" name="enterDataComboBox" finished-at="2021-08-07T12:20:13 PDT" duration-ms="167" status="PASS">
          <reporter-output>
          </reporter-output>
        </test-method> <!-- enterDataComboBox -->
        <test-method signature="selectPrioritydata()[pri:19, instance:buffalocart.BugsVerify@46fa7c39]" started-at="2021-08-07T12:20:13 PDT" name="selectPrioritydata" finished-at="2021-08-07T12:20:13 PDT" duration-ms="163" status="PASS">
          <reporter-output>
          </reporter-output>
        </test-method> <!-- selectPrioritydata -->
        <test-method signature="enterDescription()[pri:20, instance:buffalocart.BugsVerify@46fa7c39]" started-at="2021-08-07T12:20:13 PDT" name="enterDescription" finished-at="2021-08-07T12:20:13 PDT" duration-ms="210" status="PASS">
          <reporter-output>
          </reporter-output>
        </test-method> <!-- enterDescription -->
        <test-method signature="enterBugStatus()[pri:21, instance:buffalocart.BugsVerify@46fa7c39]" started-at="2021-08-07T12:20:13 PDT" name="enterBugStatus" finished-at="2021-08-07T12:20:28 PDT" duration-ms="15018" status="PASS">
          <reporter-output>
          </reporter-output>
        </test-method> <!-- enterBugStatus -->
        <test-method signature="savingbugsDetails()[pri:22, instance:buffalocart.BugsVerify@46fa7c39]" started-at="2021-08-07T12:20:28 PDT" name="savingbugsDetails" finished-at="2021-08-07T12:20:35 PDT" duration-ms="6965" status="PASS">
          <reporter-output>
          </reporter-output>
        </test-method> <!-- savingbugsDetails -->
      </class> <!-- buffalocart.BugsVerify -->
      <class name="buffalocart.ProjectPageTest">
        <test-method is-config="true" signature="beforeClass()[pri:0, instance:buffalocart.ProjectPageTest@53aad5d5]" started-at="2021-08-07T12:19:44 PDT" name="beforeClass" finished-at="2021-08-07T12:19:44 PDT" duration-ms="2" status="PASS">
          <reporter-output>
          </reporter-output>
        </test-method> <!-- beforeClass -->
        <test-method is-config="true" signature="beforeMethod()[pri:0, instance:buffalocart.ProjectPageTest@53aad5d5]" started-at="2021-08-07T12:19:44 PDT" name="beforeMethod" finished-at="2021-08-07T12:19:44 PDT" duration-ms="0" status="PASS">
          <reporter-output>
          </reporter-output>
        </test-method> <!-- beforeMethod -->
        <test-method signature="navigateToProjectPage()[pri:6, instance:buffalocart.ProjectPageTest@53aad5d5]" started-at="2021-08-07T12:19:44 PDT" name="navigateToProjectPage" finished-at="2021-08-07T12:19:48 PDT" duration-ms="3494" status="PASS">
          <reporter-output>
          </reporter-output>
        </test-method> <!-- navigateToProjectPage -->
        <test-method is-config="true" signature="afterMethod(org.testng.ITestResult)[pri:0, instance:buffalocart.ProjectPageTest@53aad5d5]" started-at="2021-08-07T12:19:48 PDT" name="afterMethod" finished-at="2021-08-07T12:19:48 PDT" duration-ms="0" status="PASS">
          <params>
            <param index="0">
              <value>
                <![CDATA[[TestResult name=navigateToProjectPage status=SUCCESS method=ProjectPageTest.navigateToProjectPage()[pri:6, instance:buffalocart.ProjectPageTest@53aad5d5] output={null}]]]>
              </value>
            </param>
          </params>
          <reporter-output>
          </reporter-output>
        </test-method> <!-- afterMethod -->
        <test-method is-config="true" signature="beforeMethod()[pri:0, instance:buffalocart.ProjectPageTest@53aad5d5]" started-at="2021-08-07T12:19:48 PDT" name="beforeMethod" finished-at="2021-08-07T12:19:48 PDT" duration-ms="0" status="PASS">
          <reporter-output>
          </reporter-output>
        </test-method> <!-- beforeMethod -->
        <test-method signature="triggerNewProject()[pri:7, instance:buffalocart.ProjectPageTest@53aad5d5]" started-at="2021-08-07T12:19:48 PDT" name="triggerNewProject" finished-at="2021-08-07T12:19:48 PDT" duration-ms="720" status="PASS">
          <reporter-output>
          </reporter-output>
        </test-method> <!-- triggerNewProject -->
        <test-method is-config="true" signature="afterMethod(org.testng.ITestResult)[pri:0, instance:buffalocart.ProjectPageTest@53aad5d5]" started-at="2021-08-07T12:19:48 PDT" name="afterMethod" finished-at="2021-08-07T12:19:48 PDT" duration-ms="0" status="PASS">
          <params>
            <param index="0">
              <value>
                <![CDATA[[TestResult name=triggerNewProject status=SUCCESS method=ProjectPageTest.triggerNewProject()[pri:7, instance:buffalocart.ProjectPageTest@53aad5d5] output={null}]]]>
              </value>
            </param>
          </params>
          <reporter-output>
          </reporter-output>
        </test-method> <!-- afterMethod -->
        <test-method is-config="true" signature="beforeMethod()[pri:0, instance:buffalocart.ProjectPageTest@53aad5d5]" started-at="2021-08-07T12:19:48 PDT" name="beforeMethod" finished-at="2021-08-07T12:19:48 PDT" duration-ms="0" status="PASS">
          <reporter-output>
          </reporter-output>
        </test-method> <!-- beforeMethod -->
        <test-method signature="input_project_name_client()[pri:8, instance:buffalocart.ProjectPageTest@53aad5d5]" started-at="2021-08-07T12:19:48 PDT" name="input_project_name_client" finished-at="2021-08-07T12:19:49 PDT" duration-ms="418" status="PASS">
          <reporter-output>
          </reporter-output>
        </test-method> <!-- input_project_name_client -->
        <test-method is-config="true" signature="afterMethod(org.testng.ITestResult)[pri:0, instance:buffalocart.ProjectPageTest@53aad5d5]" started-at="2021-08-07T12:19:49 PDT" name="afterMethod" finished-at="2021-08-07T12:19:49 PDT" duration-ms="1" status="PASS">
          <params>
            <param index="0">
              <value>
                <![CDATA[[TestResult name=input_project_name_client status=SUCCESS method=ProjectPageTest.input_project_name_client()[pri:8, instance:buffalocart.ProjectPageTest@53aad5d5] output={null}]]]>
              </value>
            </param>
          </params>
          <reporter-output>
          </reporter-output>
        </test-method> <!-- afterMethod -->
        <test-method is-config="true" signature="beforeMethod()[pri:0, instance:buffalocart.ProjectPageTest@53aad5d5]" started-at="2021-08-07T12:19:49 PDT" name="beforeMethod" finished-at="2021-08-07T12:19:49 PDT" duration-ms="1" status="PASS">
          <reporter-output>
          </reporter-output>
        </test-method> <!-- beforeMethod -->
        <test-method signature="setProgressBar()[pri:9, instance:buffalocart.ProjectPageTest@53aad5d5]" started-at="2021-08-07T12:19:49 PDT" name="setProgressBar" finished-at="2021-08-07T12:19:51 PDT" duration-ms="1664" status="PASS">
          <reporter-output>
          </reporter-output>
        </test-method> <!-- setProgressBar -->
        <test-method is-config="true" signature="afterMethod(org.testng.ITestResult)[pri:0, instance:buffalocart.ProjectPageTest@53aad5d5]" started-at="2021-08-07T12:19:51 PDT" name="afterMethod" finished-at="2021-08-07T12:19:51 PDT" duration-ms="0" status="PASS">
          <params>
            <param index="0">
              <value>
                <![CDATA[[TestResult name=setProgressBar status=SUCCESS method=ProjectPageTest.setProgressBar()[pri:9, instance:buffalocart.ProjectPageTest@53aad5d5] output={null}]]]>
              </value>
            </param>
          </params>
          <reporter-output>
          </reporter-output>
        </test-method> <!-- afterMethod -->
        <test-method is-config="true" signature="beforeMethod()[pri:0, instance:buffalocart.ProjectPageTest@53aad5d5]" started-at="2021-08-07T12:19:51 PDT" name="beforeMethod" finished-at="2021-08-07T12:19:51 PDT" duration-ms="1" status="PASS">
          <reporter-output>
          </reporter-output>
        </test-method> <!-- beforeMethod -->
        <test-method signature="setStartAndEndDate()[pri:10, instance:buffalocart.ProjectPageTest@53aad5d5]" started-at="2021-08-07T12:19:51 PDT" name="setStartAndEndDate" finished-at="2021-08-07T12:19:51 PDT" duration-ms="248" status="PASS">
          <reporter-output>
          </reporter-output>
        </test-method> <!-- setStartAndEndDate -->
        <test-method is-config="true" signature="afterMethod(org.testng.ITestResult)[pri:0, instance:buffalocart.ProjectPageTest@53aad5d5]" started-at="2021-08-07T12:19:51 PDT" name="afterMethod" finished-at="2021-08-07T12:19:51 PDT" duration-ms="0" status="PASS">
          <params>
            <param index="0">
              <value>
                <![CDATA[[TestResult name=setStartAndEndDate status=SUCCESS method=ProjectPageTest.setStartAndEndDate()[pri:10, instance:buffalocart.ProjectPageTest@53aad5d5] output={null}]]]>
              </value>
            </param>
          </params>
          <reporter-output>
          </reporter-output>
        </test-method> <!-- afterMethod -->
        <test-method is-config="true" signature="beforeMethod()[pri:0, instance:buffalocart.ProjectPageTest@53aad5d5]" started-at="2021-08-07T12:19:51 PDT" name="beforeMethod" finished-at="2021-08-07T12:19:51 PDT" duration-ms="0" status="PASS">
          <reporter-output>
          </reporter-output>
        </test-method> <!-- beforeMethod -->
        <test-method signature="verifyProjectPrice()[pri:11, instance:buffalocart.ProjectPageTest@53aad5d5]" started-at="2021-08-07T12:19:51 PDT" name="verifyProjectPrice" finished-at="2021-08-07T12:19:51 PDT" duration-ms="64" status="PASS">
          <reporter-output>
          </reporter-output>
        </test-method> <!-- verifyProjectPrice -->
        <test-method is-config="true" signature="afterMethod(org.testng.ITestResult)[pri:0, instance:buffalocart.ProjectPageTest@53aad5d5]" started-at="2021-08-07T12:19:51 PDT" name="afterMethod" finished-at="2021-08-07T12:19:51 PDT" duration-ms="1" status="PASS">
          <params>
            <param index="0">
              <value>
                <![CDATA[[TestResult name=verifyProjectPrice status=SUCCESS method=ProjectPageTest.verifyProjectPrice()[pri:11, instance:buffalocart.ProjectPageTest@53aad5d5] output={null}]]]>
              </value>
            </param>
          </params>
          <reporter-output>
          </reporter-output>
        </test-method> <!-- afterMethod -->
        <test-method is-config="true" signature="beforeMethod()[pri:0, instance:buffalocart.ProjectPageTest@53aad5d5]" started-at="2021-08-07T12:19:51 PDT" name="beforeMethod" finished-at="2021-08-07T12:19:51 PDT" duration-ms="1" status="PASS">
          <reporter-output>
          </reporter-output>
        </test-method> <!-- beforeMethod -->
        <test-method signature="setProjectStatus()[pri:12, instance:buffalocart.ProjectPageTest@53aad5d5]" started-at="2021-08-07T12:19:51 PDT" name="setProjectStatus" finished-at="2021-08-07T12:19:51 PDT" duration-ms="302" status="PASS">
          <reporter-output>
          </reporter-output>
        </test-method> <!-- setProjectStatus -->
        <test-method is-config="true" signature="afterMethod(org.testng.ITestResult)[pri:0, instance:buffalocart.ProjectPageTest@53aad5d5]" started-at="2021-08-07T12:19:51 PDT" name="afterMethod" finished-at="2021-08-07T12:19:51 PDT" duration-ms="0" status="PASS">
          <params>
            <param index="0">
              <value>
                <![CDATA[[TestResult name=setProjectStatus status=SUCCESS method=ProjectPageTest.setProjectStatus()[pri:12, instance:buffalocart.ProjectPageTest@53aad5d5] output={null}]]]>
              </value>
            </param>
          </params>
          <reporter-output>
          </reporter-output>
        </test-method> <!-- afterMethod -->
        <test-method is-config="true" signature="beforeMethod()[pri:0, instance:buffalocart.ProjectPageTest@53aad5d5]" started-at="2021-08-07T12:19:51 PDT" name="beforeMethod" finished-at="2021-08-07T12:19:51 PDT" duration-ms="0" status="PASS">
          <reporter-output>
          </reporter-output>
        </test-method> <!-- beforeMethod -->
        <test-method signature="performSave()[pri:13, instance:buffalocart.ProjectPageTest@53aad5d5]" started-at="2021-08-07T12:19:51 PDT" name="performSave" finished-at="2021-08-07T12:20:08 PDT" duration-ms="17080" status="PASS">
          <reporter-output>
          </reporter-output>
        </test-method> <!-- performSave -->
        <test-method is-config="true" signature="afterMethod(org.testng.ITestResult)[pri:0, instance:buffalocart.ProjectPageTest@53aad5d5]" started-at="2021-08-07T12:20:08 PDT" name="afterMethod" finished-at="2021-08-07T12:20:08 PDT" duration-ms="0" status="PASS">
          <params>
            <param index="0">
              <value>
                <![CDATA[[TestResult name=performSave status=SUCCESS method=ProjectPageTest.performSave()[pri:13, instance:buffalocart.ProjectPageTest@53aad5d5] output={null}]]]>
              </value>
            </param>
          </params>
          <reporter-output>
          </reporter-output>
        </test-method> <!-- afterMethod -->
      </class> <!-- buffalocart.ProjectPageTest -->
    </test> <!-- Test -->
  </suite> <!-- Suite -->
</testng-results>
