<?xml version="1.0" encoding="UTF-8"?>
<!-- Generated by org.testng.reporters.JUnitXMLReporter -->
<testsuite ignored="1" hostname="DESKTOP-1AEN983" failures="0" tests="30" name="Test" time="93.671" errors="0" timestamp="2021-08-07T12:20:59 PDT">
  <testcase classname="buffalocart.LoginPageTest" name="launchLoginPage" time="0.021"/>
  <testcase classname="buffalocart.LoginPageTest" name="verifyloginPageTitle" time="0.008"/>
  <testcase classname="buffalocart.LoginPageTest" name="inputInvalidUserName" time="1.887"/>
  <testcase classname="buffalocart.LoginPageTest" name="inputValidCredentilas" time="10.442"/>
  <testcase classname="buffalocart.ProjectPageTest" name="navigateToProjectPage" time="3.494"/>
  <testcase classname="buffalocart.ProjectPageTest" name="triggerNewProject" time="0.72"/>
  <testcase classname="buffalocart.ProjectPageTest" name="input_project_name_client" time="0.418"/>
  <testcase classname="buffalocart.ProjectPageTest" name="setProgressBar" time="1.664"/>
  <testcase classname="buffalocart.ProjectPageTest" name="setStartAndEndDate" time="0.248"/>
  <testcase classname="buffalocart.ProjectPageTest" name="verifyProjectPrice" time="0.064"/>
  <testcase classname="buffalocart.ProjectPageTest" name="setProjectStatus" time="0.302"/>
  <testcase classname="buffalocart.ProjectPageTest" name="performSave" time="17.08"/>
  <testcase classname="buffalocart.BugsVerify" name="loginPage" time="3.654"/>
  <testcase classname="buffalocart.BugsVerify" name="clickbugs" time="0.729"/>
  <testcase classname="buffalocart.BugsVerify" name="enterIssue" time="0.113"/>
  <testcase classname="buffalocart.BugsVerify" name="enterRelatedDropdown" time="0.086"/>
  <testcase classname="buffalocart.BugsVerify" name="enterDataComboBox" time="0.167"/>
  <testcase classname="buffalocart.BugsVerify" name="selectPrioritydata" time="0.163"/>
  <testcase classname="buffalocart.BugsVerify" name="enterDescription" time="0.21"/>
  <testcase classname="buffalocart.BugsVerify" name="enterBugStatus" time="15.018"/>
  <testcase classname="buffalocart.BugsVerify" name="savingbugsDetails" time="6.965"/>
  <testcase classname="buffalocart.TaskVerify" name="clickTaskPage" time="2.286"/>
  <testcase classname="buffalocart.TaskVerify" name="clicknewTask" time="0.728"/>
  <testcase classname="buffalocart.TaskVerify" name="enterTaskName" time="0.074"/>
  <testcase classname="buffalocart.TaskVerify" name="enterRelatedto" time="0.068"/>
  <testcase classname="buffalocart.TaskVerify" name="entertaskDate" time="0.101"/>
  <testcase classname="buffalocart.TaskVerify" name="enterTaskDueDate" time="0.104"/>
  <testcase classname="buffalocart.TaskVerify" name="enterHrRate" time="0.049"/>
  <testcase classname="buffalocart.TaskVerify" name="enterEstimatedHrs" time="0.051"/>
  <testcase classname="buffalocart.TaskVerify" name="saveTaskDetails" time="20.236"/>
  <testcase classname="buffalocart.LoginPageTest" name="inputInvalidPassword" time="0.0">
    <ignored/>
  </testcase> <!-- inputInvalidPassword -->
</testsuite> <!-- Test -->
